ca65 V2.13.9 - (C) Copyright 1998-2011 Ullrich von Bassewitz
Main file   : src/main.s
Current file: src/main.s

000000r 1               ;
000000r 1               ; File generated by cc65 v 2.13.9
000000r 1               ;
000000r 1               	.fopt		compiler,"cc65 v 2.13.9"
000000r 1               	.setcpu		"6502"
000000r 1               	.smart		on
000000r 1               	.autoimport	on
000000r 1               	.case		on
000000r 1               	.debuginfo	off
000000r 1               	.importzp	sp, sreg, regsave, regbank
000000r 1               	.importzp	tmp1, tmp2, tmp3, tmp4, ptr1, ptr2, ptr3, ptr4
000000r 1               	.macpack	longbranch
000000r 1               	.forceimport	__STARTUP__
000000r 1               	.import		_wait_vblank
000000r 1               	.import		_read_joy
000000r 1               	.import		_MUSE_init
000000r 1               	.import		_MUSE_update
000000r 1               	.import		_MUSE_startMusic
000000r 1               	.import		_MUSE_startSfx
000000r 1               	.import		_MUSE_stopSfx
000000r 1               	.import		_MUSE_isSfxPlaying
000000r 1               	.import		_MUSE_setFlags
000000r 1               	.import		_snd_data
000000r 1               	.export		_main
000000r 1               
000000r 1               ; ---------------------------------------------------------------
000000r 1               ; int __near__ main (void)
000000r 1               ; ---------------------------------------------------------------
000000r 1               
000000r 1               .segment	"CODE"
000000r 1               
000000r 1               .proc	_main: near
000000r 1               
000000r 1               .segment	"BSS"
000000r 1               
000000r 1               L02A8:
000000r 1  00           	.res	1,$00
000001r 1               L02A9:
000001r 1  00           	.res	1,$00
000002r 1               L02AA:
000002r 1  00           	.res	1,$00
000003r 1               
000003r 1               .segment	"CODE"
000000r 1               
000000r 1  A9 rr        	lda     #<(_snd_data)
000002r 1  A2 rr        	ldx     #>(_snd_data)
000004r 1  20 rr rr     	jsr     _MUSE_init
000007r 1  A9 00        	lda     #$00
000009r 1  20 rr rr     	jsr     _MUSE_startMusic
00000Cr 1  A9 10        	lda     #$10
00000Er 1  20 rr rr     	jsr     _MUSE_setFlags
000011r 1  A9 80        	lda     #$80
000013r 1  8D 00 20     	sta     $2000
000016r 1  20 rr rr     L02A7:	jsr     _wait_vblank
000019r 1  20 rr rr     	jsr     _MUSE_update
00001Cr 1  AD rr rr     	lda     L02A8
00001Fr 1  8D rr rr     	sta     L02A9
000022r 1  A9 00        	lda     #$00
000024r 1  20 rr rr     	jsr     _read_joy
000027r 1  8D rr rr     	sta     L02A8
00002Ar 1  AD rr rr     	lda     L02A9
00002Dr 1  49 FF        	eor     #$FF
00002Fr 1  2D rr rr     	and     L02A8
000032r 1  8D rr rr     	sta     L02AA
000035r 1  29 08        	and     #$08
000037r 1  F0 0E        	beq     L02C2
000039r 1  A9 00        	lda     #$00
00003Br 1  20 rr rr     	jsr     _MUSE_isSfxPlaying
00003Er 1  AA           	tax
00003Fr 1  D0 06        	bne     L02C2
000041r 1  20 rr rr     	jsr     pusha
000044r 1  20 rr rr     	jsr     _MUSE_startSfx
000047r 1  AD rr rr     L02C2:	lda     L02AA
00004Ar 1  29 04        	and     #$04
00004Cr 1  F0 C8        	beq     L02A7
00004Er 1  A9 00        	lda     #$00
000050r 1  20 rr rr     	jsr     _MUSE_stopSfx
000053r 1  4C rr rr     	jmp     L02A7
000056r 1               
000056r 1               .endproc
000056r 1               
000056r 1               
