ca65 V2.13.9 - (C) Copyright 1998-2011 Ullrich von Bassewitz
Main file   : src/main.s
Current file: src/main.s

000000r 1               ;
000000r 1               ; File generated by cc65 v 2.13.9
000000r 1               ;
000000r 1               	.fopt		compiler,"cc65 v 2.13.9"
000000r 1               	.setcpu		"6502"
000000r 1               	.smart		on
000000r 1               	.autoimport	on
000000r 1               	.case		on
000000r 1               	.debuginfo	off
000000r 1               	.importzp	sp, sreg, regsave, regbank
000000r 1               	.importzp	tmp1, tmp2, tmp3, tmp4, ptr1, ptr2, ptr3, ptr4
000000r 1               	.macpack	longbranch
000000r 1               	.forceimport	__STARTUP__
000000r 1               	.export		_main
000000r 1               
000000r 1               ; ---------------------------------------------------------------
000000r 1               ; int __near__ main (void)
000000r 1               ; ---------------------------------------------------------------
000000r 1               
000000r 1               .segment	"CODE"
000000r 1               
000000r 1               .proc	_main: near
000000r 1               
000000r 1               .segment	"CODE"
000000r 1               
000000r 1  A9 3F        	lda     #$3F
000002r 1  8D 06 20     	sta     $2006
000005r 1  A9 00        	lda     #$00
000007r 1  8D 06 20     	sta     $2006
00000Ar 1  A9 01        	lda     #$01
00000Cr 1  8D 07 20     	sta     $2007
00000Fr 1  A9 3F        	lda     #$3F
000011r 1  8D 06 20     	sta     $2006
000014r 1  A9 00        	lda     #$00
000016r 1  8D 06 20     	sta     $2006
000019r 1  4C rr rr     L0291:	jmp     L0291
00001Cr 1               
00001Cr 1               .endproc
00001Cr 1               
00001Cr 1               
