ca65 V2.13.9 - (C) Copyright 1998-2011 Ullrich von Bassewitz
Main file   : src/header.s
Current file: src/header.s

000000r 1               ;
000000r 1               ; File generated by cc65 v 2.13.9
000000r 1               ;
000000r 1               	.fopt		compiler,"cc65 v 2.13.9"
000000r 1               	.setcpu		"6502"
000000r 1               	.smart		on
000000r 1               	.autoimport	on
000000r 1               	.case		on
000000r 1               	.debuginfo	off
000000r 1               	.importzp	sp, sreg, regsave, regbank
000000r 1               	.importzp	tmp1, tmp2, tmp3, tmp4, ptr1, ptr2, ptr3, ptr4
000000r 1               	.macpack	longbranch
000000r 1               	.export		_header
000000r 1               
000000r 1               .segment	"RODATA"
000000r 1               
000000r 1               .segment	"HEADER"
000000r 1               _header:
000000r 1  4E           	.byte	$4E
000001r 1  45           	.byte	$45
000002r 1  53           	.byte	$53
000003r 1  1A           	.byte	$1A
000004r 1  02           	.byte	$02
000005r 1  01           	.byte	$01
000006r 1  01           	.byte	$01
000007r 1  00           	.byte	$00
000008r 1               .segment	"RODATA"
000000r 1               
000000r 1               
