ca65 V2.13.9 - (C) Copyright 1998-2011 Ullrich von Bassewitz
Main file   : src/music.s
Current file: src/music.s

000000r 1               ;
000000r 1               ; File generated by cc65 v 2.13.9
000000r 1               ;
000000r 1               	.fopt		compiler,"cc65 v 2.13.9"
000000r 1               	.setcpu		"6502"
000000r 1               	.smart		on
000000r 1               	.autoimport	on
000000r 1               	.case		on
000000r 1               	.debuginfo	off
000000r 1               	.importzp	sp, sreg, regsave, regbank
000000r 1               	.importzp	tmp1, tmp2, tmp3, tmp4, ptr1, ptr2, ptr3, ptr4
000000r 1               	.macpack	longbranch
000000r 1               	.export		_init_music
000000r 1               	.export		_play_music
000000r 1               	.export		_write_registers
000000r 1               	.export		_update_channel_envelopes
000000r 1               	.export		_execute_command
000000r 1               	.export		_update_channel_notes
000000r 1               
000000r 1               .segment	"DATA"
000000r 1               
000000r 1               _instr_ptrs:
000000r 1  00 00        	.word	$0000
000002r 1  rr rr        	.addr	_instr1
000004r 1  rr rr        	.addr	_instr2
000006r 1  rr rr        	.addr	_instr3
000008r 1  rr rr        	.addr	_instr4
00000Ar 1  rr rr        	.addr	_instr5
00000Cr 1  rr rr        	.addr	_instr6
00000Er 1  rr rr        	.addr	_instr7
000010r 1  rr rr        	.addr	_instr8
000012r 1  rr rr        	.addr	_instr9
000014r 1  rr rr        	.addr	_instr10
000016r 1  rr rr        	.addr	_instr11
000018r 1  00 00        	.word	$0000
00001Ar 1  00 00        	.word	$0000
00001Cr 1  00 00        	.word	$0000
00001Er 1               _sequences:
00001Er 1  rr rr        	.addr	_sequence0
000020r 1  rr rr        	.addr	_sequence1
000022r 1  rr rr        	.addr	_sequence2
000024r 1  rr rr        	.addr	_sequence3
000026r 1               
000026r 1               .segment	"RODATA"
000000r 1               
000000r 1               _sequence0:
000000r 1  00           	.byte	$00
000001r 1  88           	.byte	$88
000002r 1  00           	.byte	$00
000003r 1  30           	.byte	$30
000004r 1  02           	.byte	$02
000005r 1  2B           	.byte	$2B
000006r 1  01           	.byte	$01
000007r 1  27           	.byte	$27
000008r 1  01           	.byte	$01
000009r 1  89           	.byte	$89
00000Ar 1  00           	.byte	$00
00000Br 1  2B           	.byte	$2B
00000Cr 1  01           	.byte	$01
00000Dr 1  88           	.byte	$88
00000Er 1  00           	.byte	$00
00000Fr 1  30           	.byte	$30
000010r 1  01           	.byte	$01
000011r 1  89           	.byte	$89
000012r 1  00           	.byte	$00
000013r 1  2B           	.byte	$2B
000014r 1  01           	.byte	$01
000015r 1  88           	.byte	$88
000016r 1  00           	.byte	$00
000017r 1  2E           	.byte	$2E
000018r 1  01           	.byte	$01
000019r 1  89           	.byte	$89
00001Ar 1  00           	.byte	$00
00001Br 1  27           	.byte	$27
00001Cr 1  01           	.byte	$01
00001Dr 1  88           	.byte	$88
00001Er 1  00           	.byte	$00
00001Fr 1  2E           	.byte	$2E
000020r 1  01           	.byte	$01
000021r 1  29           	.byte	$29
000022r 1  01           	.byte	$01
000023r 1  89           	.byte	$89
000024r 1  00           	.byte	$00
000025r 1  2E           	.byte	$2E
000026r 1  01           	.byte	$01
000027r 1  88           	.byte	$88
000028r 1  00           	.byte	$00
000029r 1  22           	.byte	$22
00002Ar 1  01           	.byte	$01
00002Br 1  89           	.byte	$89
00002Cr 1  00           	.byte	$00
00002Dr 1  29           	.byte	$29
00002Er 1  01           	.byte	$01
00002Fr 1  88           	.byte	$88
000030r 1  00           	.byte	$00
000031r 1  2E           	.byte	$2E
000032r 1  01           	.byte	$01
000033r 1  89           	.byte	$89
000034r 1  00           	.byte	$00
000035r 1  29           	.byte	$29
000036r 1  01           	.byte	$01
000037r 1  88           	.byte	$88
000038r 1  00           	.byte	$00
000039r 1  30           	.byte	$30
00003Ar 1  01           	.byte	$01
00003Br 1  89           	.byte	$89
00003Cr 1  00           	.byte	$00
00003Dr 1  29           	.byte	$29
00003Er 1  01           	.byte	$01
00003Fr 1  88           	.byte	$88
000040r 1  00           	.byte	$00
000041r 1  2B           	.byte	$2B
000042r 1  01           	.byte	$01
000043r 1  27           	.byte	$27
000044r 1  01           	.byte	$01
000045r 1  89           	.byte	$89
000046r 1  00           	.byte	$00
000047r 1  2B           	.byte	$2B
000048r 1  01           	.byte	$01
000049r 1  88           	.byte	$88
00004Ar 1  00           	.byte	$00
00004Br 1  30           	.byte	$30
00004Cr 1  01           	.byte	$01
00004Dr 1  89           	.byte	$89
00004Er 1  00           	.byte	$00
00004Fr 1  2B           	.byte	$2B
000050r 1  01           	.byte	$01
000051r 1  88           	.byte	$88
000052r 1  00           	.byte	$00
000053r 1  2E           	.byte	$2E
000054r 1  01           	.byte	$01
000055r 1  89           	.byte	$89
000056r 1  00           	.byte	$00
000057r 1  27           	.byte	$27
000058r 1  01           	.byte	$01
000059r 1  88           	.byte	$88
00005Ar 1  00           	.byte	$00
00005Br 1  2E           	.byte	$2E
00005Cr 1  01           	.byte	$01
00005Dr 1  29           	.byte	$29
00005Er 1  01           	.byte	$01
00005Fr 1  89           	.byte	$89
000060r 1  00           	.byte	$00
000061r 1  32           	.byte	$32
000062r 1  01           	.byte	$01
000063r 1  88           	.byte	$88
000064r 1  00           	.byte	$00
000065r 1  22           	.byte	$22
000066r 1  01           	.byte	$01
000067r 1  89           	.byte	$89
000068r 1  00           	.byte	$00
000069r 1  2E           	.byte	$2E
00006Ar 1  01           	.byte	$01
00006Br 1  88           	.byte	$88
00006Cr 1  00           	.byte	$00
00006Dr 1  2E           	.byte	$2E
00006Er 1  01           	.byte	$01
00006Fr 1  89           	.byte	$89
000070r 1  00           	.byte	$00
000071r 1  2E           	.byte	$2E
000072r 1  01           	.byte	$01
000073r 1  88           	.byte	$88
000074r 1  00           	.byte	$00
000075r 1  30           	.byte	$30
000076r 1  01           	.byte	$01
000077r 1  89           	.byte	$89
000078r 1  00           	.byte	$00
000079r 1  2E           	.byte	$2E
00007Ar 1  01           	.byte	$01
00007Br 1  88           	.byte	$88
00007Cr 1  00           	.byte	$00
00007Dr 1  2C           	.byte	$2C
00007Er 1  01           	.byte	$01
00007Fr 1  27           	.byte	$27
000080r 1  01           	.byte	$01
000081r 1  89           	.byte	$89
000082r 1  00           	.byte	$00
000083r 1  30           	.byte	$30
000084r 1  01           	.byte	$01
000085r 1  88           	.byte	$88
000086r 1  00           	.byte	$00
000087r 1  30           	.byte	$30
000088r 1  01           	.byte	$01
000089r 1  89           	.byte	$89
00008Ar 1  00           	.byte	$00
00008Br 1  30           	.byte	$30
00008Cr 1  01           	.byte	$01
00008Dr 1  88           	.byte	$88
00008Er 1  00           	.byte	$00
00008Fr 1  2E           	.byte	$2E
000090r 1  01           	.byte	$01
000091r 1  89           	.byte	$89
000092r 1  00           	.byte	$00
000093r 1  33           	.byte	$33
000094r 1  01           	.byte	$01
000095r 1  88           	.byte	$88
000096r 1  00           	.byte	$00
000097r 1  2E           	.byte	$2E
000098r 1  01           	.byte	$01
000099r 1  29           	.byte	$29
00009Ar 1  01           	.byte	$01
00009Br 1  89           	.byte	$89
00009Cr 1  00           	.byte	$00
00009Dr 1  32           	.byte	$32
00009Er 1  01           	.byte	$01
00009Fr 1  88           	.byte	$88
0000A0r 1  00           	.byte	$00
0000A1r 1  26           	.byte	$26
0000A2r 1  01           	.byte	$01
0000A3r 1  89           	.byte	$89
0000A4r 1  00           	.byte	$00
0000A5r 1  2E           	.byte	$2E
0000A6r 1  01           	.byte	$01
0000A7r 1  88           	.byte	$88
0000A8r 1  00           	.byte	$00
0000A9r 1  2E           	.byte	$2E
0000AAr 1  01           	.byte	$01
0000ABr 1  89           	.byte	$89
0000ACr 1  00           	.byte	$00
0000ADr 1  2B           	.byte	$2B
0000AEr 1  01           	.byte	$01
0000AFr 1  88           	.byte	$88
0000B0r 1  00           	.byte	$00
0000B1r 1  30           	.byte	$30
0000B2r 1  01           	.byte	$01
0000B3r 1  89           	.byte	$89
0000B4r 1  00           	.byte	$00
0000B5r 1  29           	.byte	$29
0000B6r 1  01           	.byte	$01
0000B7r 1  88           	.byte	$88
0000B8r 1  00           	.byte	$00
0000B9r 1  2D           	.byte	$2D
0000BAr 1  01           	.byte	$01
0000BBr 1  29           	.byte	$29
0000BCr 1  01           	.byte	$01
0000BDr 1  89           	.byte	$89
0000BEr 1  00           	.byte	$00
0000BFr 1  27           	.byte	$27
0000C0r 1  01           	.byte	$01
0000C1r 1  88           	.byte	$88
0000C2r 1  00           	.byte	$00
0000C3r 1  30           	.byte	$30
0000C4r 1  01           	.byte	$01
0000C5r 1  89           	.byte	$89
0000C6r 1  00           	.byte	$00
0000C7r 1  27           	.byte	$27
0000C8r 1  01           	.byte	$01
0000C9r 1  88           	.byte	$88
0000CAr 1  00           	.byte	$00
0000CBr 1  32           	.byte	$32
0000CCr 1  01           	.byte	$01
0000CDr 1  89           	.byte	$89
0000CEr 1  00           	.byte	$00
0000CFr 1  29           	.byte	$29
0000D0r 1  01           	.byte	$01
0000D1r 1  88           	.byte	$88
0000D2r 1  00           	.byte	$00
0000D3r 1  32           	.byte	$32
0000D4r 1  01           	.byte	$01
0000D5r 1  2F           	.byte	$2F
0000D6r 1  01           	.byte	$01
0000D7r 1  89           	.byte	$89
0000D8r 1  00           	.byte	$00
0000D9r 1  2B           	.byte	$2B
0000DAr 1  01           	.byte	$01
0000DBr 1  88           	.byte	$88
0000DCr 1  00           	.byte	$00
0000DDr 1  2B           	.byte	$2B
0000DEr 1  01           	.byte	$01
0000DFr 1  89           	.byte	$89
0000E0r 1  00           	.byte	$00
0000E1r 1  2B           	.byte	$2B
0000E2r 1  01           	.byte	$01
0000E3r 1  88           	.byte	$88
0000E4r 1  00           	.byte	$00
0000E5r 1  26           	.byte	$26
0000E6r 1  01           	.byte	$01
0000E7r 1  89           	.byte	$89
0000E8r 1  00           	.byte	$00
0000E9r 1  2B           	.byte	$2B
0000EAr 1  01           	.byte	$01
0000EBr 1  FF           	.byte	$FF
0000ECr 1               _sequence1:
0000ECr 1  02           	.byte	$02
0000EDr 1  87           	.byte	$87
0000EEr 1  00           	.byte	$00
0000EFr 1  2B           	.byte	$2B
0000F0r 1  02           	.byte	$02
0000F1r 1  2B           	.byte	$2B
0000F2r 1  01           	.byte	$01
0000F3r 1  8B           	.byte	$8B
0000F4r 1  00           	.byte	$00
0000F5r 1  29           	.byte	$29
0000F6r 1  01           	.byte	$01
0000F7r 1  27           	.byte	$27
0000F8r 1  01           	.byte	$01
0000F9r 1  29           	.byte	$29
0000FAr 1  01           	.byte	$01
0000FBr 1  87           	.byte	$87
0000FCr 1  00           	.byte	$00
0000FDr 1  2E           	.byte	$2E
0000FEr 1  03           	.byte	$03
0000FFr 1  29           	.byte	$29
000100r 1  03           	.byte	$03
000101r 1  8A           	.byte	$8A
000102r 1  00           	.byte	$00
000103r 1  29           	.byte	$29
000104r 1  04           	.byte	$04
000105r 1  87           	.byte	$87
000106r 1  00           	.byte	$00
000107r 1  2B           	.byte	$2B
000108r 1  01           	.byte	$01
000109r 1  00           	.byte	$00
00010Ar 1  01           	.byte	$01
00010Br 1  2B           	.byte	$2B
00010Cr 1  01           	.byte	$01
00010Dr 1  8B           	.byte	$8B
00010Er 1  00           	.byte	$00
00010Fr 1  29           	.byte	$29
000110r 1  01           	.byte	$01
000111r 1  27           	.byte	$27
000112r 1  01           	.byte	$01
000113r 1  29           	.byte	$29
000114r 1  01           	.byte	$01
000115r 1  87           	.byte	$87
000116r 1  00           	.byte	$00
000117r 1  32           	.byte	$32
000118r 1  03           	.byte	$03
000119r 1  2E           	.byte	$2E
00011Ar 1  03           	.byte	$03
00011Br 1  8A           	.byte	$8A
00011Cr 1  00           	.byte	$00
00011Dr 1  2E           	.byte	$2E
00011Er 1  03           	.byte	$03
00011Fr 1  87           	.byte	$87
000120r 1  00           	.byte	$00
000121r 1  30           	.byte	$30
000122r 1  01           	.byte	$01
000123r 1  00           	.byte	$00
000124r 1  01           	.byte	$01
000125r 1  8B           	.byte	$8B
000126r 1  00           	.byte	$00
000127r 1  30           	.byte	$30
000128r 1  01           	.byte	$01
000129r 1  30           	.byte	$30
00012Ar 1  01           	.byte	$01
00012Br 1  87           	.byte	$87
00012Cr 1  00           	.byte	$00
00012Dr 1  32           	.byte	$32
00012Er 1  01           	.byte	$01
00012Fr 1  8B           	.byte	$8B
000130r 1  00           	.byte	$00
000131r 1  33           	.byte	$33
000132r 1  01           	.byte	$01
000133r 1  35           	.byte	$35
000134r 1  01           	.byte	$01
000135r 1  87           	.byte	$87
000136r 1  00           	.byte	$00
000137r 1  32           	.byte	$32
000138r 1  03           	.byte	$03
000139r 1  2E           	.byte	$2E
00013Ar 1  03           	.byte	$03
00013Br 1  2B           	.byte	$2B
00013Cr 1  02           	.byte	$02
00013Dr 1  29           	.byte	$29
00013Er 1  03           	.byte	$03
00013Fr 1  27           	.byte	$27
000140r 1  03           	.byte	$03
000141r 1  29           	.byte	$29
000142r 1  02           	.byte	$02
000143r 1  2B           	.byte	$2B
000144r 1  02           	.byte	$02
000145r 1  2F           	.byte	$2F
000146r 1  01           	.byte	$01
000147r 1  2B           	.byte	$2B
000148r 1  02           	.byte	$02
000149r 1  8A           	.byte	$8A
00014Ar 1  00           	.byte	$00
00014Br 1  2B           	.byte	$2B
00014Cr 1  03           	.byte	$03
00014Dr 1  FF           	.byte	$FF
00014Er 1               _sequence2:
00014Er 1  00           	.byte	$00
00014Fr 1  82           	.byte	$82
000150r 1  00           	.byte	$00
000151r 1  18           	.byte	$18
000152r 1  03           	.byte	$03
000153r 1  85           	.byte	$85
000154r 1  00           	.byte	$00
000155r 1  2B           	.byte	$2B
000156r 1  02           	.byte	$02
000157r 1  8B           	.byte	$8B
000158r 1  00           	.byte	$00
000159r 1  3C           	.byte	$3C
00015Ar 1  01           	.byte	$01
00015Br 1  82           	.byte	$82
00015Cr 1  00           	.byte	$00
00015Dr 1  24           	.byte	$24
00015Er 1  02           	.byte	$02
00015Fr 1  16           	.byte	$16
000160r 1  03           	.byte	$03
000161r 1  85           	.byte	$85
000162r 1  00           	.byte	$00
000163r 1  29           	.byte	$29
000164r 1  02           	.byte	$02
000165r 1  8B           	.byte	$8B
000166r 1  00           	.byte	$00
000167r 1  3C           	.byte	$3C
000168r 1  01           	.byte	$01
000169r 1  85           	.byte	$85
00016Ar 1  00           	.byte	$00
00016Br 1  22           	.byte	$22
00016Cr 1  02           	.byte	$02
00016Dr 1  82           	.byte	$82
00016Er 1  00           	.byte	$00
00016Fr 1  18           	.byte	$18
000170r 1  03           	.byte	$03
000171r 1  85           	.byte	$85
000172r 1  00           	.byte	$00
000173r 1  2B           	.byte	$2B
000174r 1  02           	.byte	$02
000175r 1  8B           	.byte	$8B
000176r 1  00           	.byte	$00
000177r 1  3C           	.byte	$3C
000178r 1  01           	.byte	$01
000179r 1  82           	.byte	$82
00017Ar 1  00           	.byte	$00
00017Br 1  24           	.byte	$24
00017Cr 1  02           	.byte	$02
00017Dr 1  13           	.byte	$13
00017Er 1  03           	.byte	$03
00017Fr 1  85           	.byte	$85
000180r 1  00           	.byte	$00
000181r 1  26           	.byte	$26
000182r 1  02           	.byte	$02
000183r 1  8B           	.byte	$8B
000184r 1  00           	.byte	$00
000185r 1  3C           	.byte	$3C
000186r 1  01           	.byte	$01
000187r 1  85           	.byte	$85
000188r 1  00           	.byte	$00
000189r 1  1F           	.byte	$1F
00018Ar 1  02           	.byte	$02
00018Br 1  82           	.byte	$82
00018Cr 1  00           	.byte	$00
00018Dr 1  14           	.byte	$14
00018Er 1  03           	.byte	$03
00018Fr 1  85           	.byte	$85
000190r 1  00           	.byte	$00
000191r 1  27           	.byte	$27
000192r 1  02           	.byte	$02
000193r 1  8B           	.byte	$8B
000194r 1  00           	.byte	$00
000195r 1  3F           	.byte	$3F
000196r 1  01           	.byte	$01
000197r 1  82           	.byte	$82
000198r 1  00           	.byte	$00
000199r 1  20           	.byte	$20
00019Ar 1  02           	.byte	$02
00019Br 1  16           	.byte	$16
00019Cr 1  03           	.byte	$03
00019Dr 1  85           	.byte	$85
00019Er 1  00           	.byte	$00
00019Fr 1  29           	.byte	$29
0001A0r 1  02           	.byte	$02
0001A1r 1  8B           	.byte	$8B
0001A2r 1  00           	.byte	$00
0001A3r 1  3E           	.byte	$3E
0001A4r 1  01           	.byte	$01
0001A5r 1  85           	.byte	$85
0001A6r 1  00           	.byte	$00
0001A7r 1  22           	.byte	$22
0001A8r 1  02           	.byte	$02
0001A9r 1  82           	.byte	$82
0001AAr 1  00           	.byte	$00
0001ABr 1  11           	.byte	$11
0001ACr 1  03           	.byte	$03
0001ADr 1  85           	.byte	$85
0001AEr 1  00           	.byte	$00
0001AFr 1  24           	.byte	$24
0001B0r 1  02           	.byte	$02
0001B1r 1  8B           	.byte	$8B
0001B2r 1  00           	.byte	$00
0001B3r 1  3C           	.byte	$3C
0001B4r 1  01           	.byte	$01
0001B5r 1  82           	.byte	$82
0001B6r 1  00           	.byte	$00
0001B7r 1  1D           	.byte	$1D
0001B8r 1  02           	.byte	$02
0001B9r 1  13           	.byte	$13
0001BAr 1  03           	.byte	$03
0001BBr 1  85           	.byte	$85
0001BCr 1  00           	.byte	$00
0001BDr 1  26           	.byte	$26
0001BEr 1  02           	.byte	$02
0001BFr 1  8B           	.byte	$8B
0001C0r 1  00           	.byte	$00
0001C1r 1  3E           	.byte	$3E
0001C2r 1  01           	.byte	$01
0001C3r 1  85           	.byte	$85
0001C4r 1  00           	.byte	$00
0001C5r 1  1F           	.byte	$1F
0001C6r 1  02           	.byte	$02
0001C7r 1  FF           	.byte	$FF
0001C8r 1               _sequence3:
0001C8r 1  00           	.byte	$00
0001C9r 1  83           	.byte	$83
0001CAr 1  00           	.byte	$00
0001CBr 1  10           	.byte	$10
0001CCr 1  02           	.byte	$02
0001CDr 1  86           	.byte	$86
0001CEr 1  00           	.byte	$00
0001CFr 1  30           	.byte	$30
0001D0r 1  01           	.byte	$01
0001D1r 1  84           	.byte	$84
0001D2r 1  00           	.byte	$00
0001D3r 1  10           	.byte	$10
0001D4r 1  02           	.byte	$02
0001D5r 1  86           	.byte	$86
0001D6r 1  00           	.byte	$00
0001D7r 1  18           	.byte	$18
0001D8r 1  01           	.byte	$01
0001D9r 1  83           	.byte	$83
0001DAr 1  00           	.byte	$00
0001DBr 1  10           	.byte	$10
0001DCr 1  02           	.byte	$02
0001DDr 1  10           	.byte	$10
0001DEr 1  02           	.byte	$02
0001DFr 1  86           	.byte	$86
0001E0r 1  00           	.byte	$00
0001E1r 1  18           	.byte	$18
0001E2r 1  01           	.byte	$01
0001E3r 1  84           	.byte	$84
0001E4r 1  00           	.byte	$00
0001E5r 1  10           	.byte	$10
0001E6r 1  02           	.byte	$02
0001E7r 1  8C           	.byte	$8C
0001E8r 1  00           	.byte	$00
0001E9r 1  30           	.byte	$30
0001EAr 1  01           	.byte	$01
0001EBr 1  84           	.byte	$84
0001ECr 1  00           	.byte	$00
0001EDr 1  10           	.byte	$10
0001EEr 1  02           	.byte	$02
0001EFr 1  83           	.byte	$83
0001F0r 1  00           	.byte	$00
0001F1r 1  10           	.byte	$10
0001F2r 1  02           	.byte	$02
0001F3r 1  86           	.byte	$86
0001F4r 1  00           	.byte	$00
0001F5r 1  18           	.byte	$18
0001F6r 1  01           	.byte	$01
0001F7r 1  84           	.byte	$84
0001F8r 1  00           	.byte	$00
0001F9r 1  10           	.byte	$10
0001FAr 1  02           	.byte	$02
0001FBr 1  86           	.byte	$86
0001FCr 1  00           	.byte	$00
0001FDr 1  18           	.byte	$18
0001FEr 1  01           	.byte	$01
0001FFr 1  83           	.byte	$83
000200r 1  00           	.byte	$00
000201r 1  10           	.byte	$10
000202r 1  02           	.byte	$02
000203r 1  0D           	.byte	$0D
000204r 1  02           	.byte	$02
000205r 1  86           	.byte	$86
000206r 1  00           	.byte	$00
000207r 1  15           	.byte	$15
000208r 1  01           	.byte	$01
000209r 1  84           	.byte	$84
00020Ar 1  00           	.byte	$00
00020Br 1  0D           	.byte	$0D
00020Cr 1  02           	.byte	$02
00020Dr 1  8C           	.byte	$8C
00020Er 1  00           	.byte	$00
00020Fr 1  30           	.byte	$30
000210r 1  01           	.byte	$01
000211r 1  84           	.byte	$84
000212r 1  00           	.byte	$00
000213r 1  0D           	.byte	$0D
000214r 1  02           	.byte	$02
000215r 1  83           	.byte	$83
000216r 1  00           	.byte	$00
000217r 1  0C           	.byte	$0C
000218r 1  02           	.byte	$02
000219r 1  86           	.byte	$86
00021Ar 1  00           	.byte	$00
00021Br 1  14           	.byte	$14
00021Cr 1  01           	.byte	$01
00021Dr 1  84           	.byte	$84
00021Er 1  00           	.byte	$00
00021Fr 1  0C           	.byte	$0C
000220r 1  02           	.byte	$02
000221r 1  86           	.byte	$86
000222r 1  00           	.byte	$00
000223r 1  14           	.byte	$14
000224r 1  01           	.byte	$01
000225r 1  83           	.byte	$83
000226r 1  00           	.byte	$00
000227r 1  0C           	.byte	$0C
000228r 1  02           	.byte	$02
000229r 1  10           	.byte	$10
00022Ar 1  02           	.byte	$02
00022Br 1  86           	.byte	$86
00022Cr 1  00           	.byte	$00
00022Dr 1  18           	.byte	$18
00022Er 1  01           	.byte	$01
00022Fr 1  84           	.byte	$84
000230r 1  00           	.byte	$00
000231r 1  10           	.byte	$10
000232r 1  02           	.byte	$02
000233r 1  8C           	.byte	$8C
000234r 1  00           	.byte	$00
000235r 1  30           	.byte	$30
000236r 1  01           	.byte	$01
000237r 1  84           	.byte	$84
000238r 1  00           	.byte	$00
000239r 1  10           	.byte	$10
00023Ar 1  02           	.byte	$02
00023Br 1  83           	.byte	$83
00023Cr 1  00           	.byte	$00
00023Dr 1  09           	.byte	$09
00023Er 1  02           	.byte	$02
00023Fr 1  86           	.byte	$86
000240r 1  00           	.byte	$00
000241r 1  11           	.byte	$11
000242r 1  01           	.byte	$01
000243r 1  84           	.byte	$84
000244r 1  00           	.byte	$00
000245r 1  09           	.byte	$09
000246r 1  02           	.byte	$02
000247r 1  86           	.byte	$86
000248r 1  00           	.byte	$00
000249r 1  11           	.byte	$11
00024Ar 1  01           	.byte	$01
00024Br 1  83           	.byte	$83
00024Cr 1  00           	.byte	$00
00024Dr 1  09           	.byte	$09
00024Er 1  02           	.byte	$02
00024Fr 1  0D           	.byte	$0D
000250r 1  02           	.byte	$02
000251r 1  86           	.byte	$86
000252r 1  00           	.byte	$00
000253r 1  15           	.byte	$15
000254r 1  01           	.byte	$01
000255r 1  84           	.byte	$84
000256r 1  00           	.byte	$00
000257r 1  0D           	.byte	$0D
000258r 1  01           	.byte	$01
000259r 1  8C           	.byte	$8C
00025Ar 1  00           	.byte	$00
00025Br 1  30           	.byte	$30
00025Cr 1  01           	.byte	$01
00025Dr 1  86           	.byte	$86
00025Er 1  00           	.byte	$00
00025Fr 1  15           	.byte	$15
000260r 1  01           	.byte	$01
000261r 1  84           	.byte	$84
000262r 1  00           	.byte	$00
000263r 1  0D           	.byte	$0D
000264r 1  01           	.byte	$01
000265r 1  31           	.byte	$31
000266r 1  01           	.byte	$01
000267r 1  FF           	.byte	$FF
000268r 1               _instr1:
000268r 1  0E           	.byte	$0E
000269r 1  0F           	.byte	$0F
00026Ar 1  0F           	.byte	$0F
00026Br 1  0F           	.byte	$0F
00026Cr 1  0F           	.byte	$0F
00026Dr 1  00 00 00 00  	.res	11,$00
000271r 1  00 00 00 00  
000275r 1  00 00 00     
000278r 1  04           	.byte	$04
000279r 1  52           	.byte	$52
00027Ar 1  4E           	.byte	$4E
00027Br 1  4A           	.byte	$4A
00027Cr 1  48           	.byte	$48
00027Dr 1  40           	.byte	$40
00027Er 1  00 00 00 00  	.res	11,$00
000282r 1  00 00 00 00  
000286r 1  00 00 00     
000289r 1  04           	.byte	$04
00028Ar 1  01           	.byte	$01
00028Br 1  00 00 00 00  	.res	15,$00
00028Fr 1  00 00 00 00  
000293r 1  00 00 00 00  
00029Ar 1  00           	.byte	$00
00029Br 1               _instr2:
00029Br 1  0F           	.byte	$0F
00029Cr 1  06           	.byte	$06
00029Dr 1  04           	.byte	$04
00029Er 1  03           	.byte	$03
00029Fr 1  02           	.byte	$02
0002A0r 1  01           	.byte	$01
0002A1r 1  00           	.byte	$00
0002A2r 1  00 00 00 00  	.res	9,$00
0002A6r 1  00 00 00 00  
0002AAr 1  00           
0002ABr 1  06           	.byte	$06
0002ACr 1  97           	.byte	$97
0002ADr 1  93           	.byte	$93
0002AEr 1  92           	.byte	$92
0002AFr 1  92           	.byte	$92
0002B0r 1  91           	.byte	$91
0002B1r 1  00 00 00 00  	.res	11,$00
0002B5r 1  00 00 00 00  
0002B9r 1  00 00 00     
0002BCr 1  00           	.byte	$00
0002BDr 1  00           	.byte	$00
0002BEr 1  00 00 00 00  	.res	15,$00
0002C2r 1  00 00 00 00  
0002C6r 1  00 00 00 00  
0002CDr 1  00           	.byte	$00
0002CEr 1               _instr3:
0002CEr 1  0E           	.byte	$0E
0002CFr 1  0A           	.byte	$0A
0002D0r 1  06           	.byte	$06
0002D1r 1  05           	.byte	$05
0002D2r 1  04           	.byte	$04
0002D3r 1  03           	.byte	$03
0002D4r 1  02           	.byte	$02
0002D5r 1  02           	.byte	$02
0002D6r 1  02           	.byte	$02
0002D7r 1  01           	.byte	$01
0002D8r 1  00           	.byte	$00
0002D9r 1  00 00 00 00  	.res	5,$00
0002DDr 1  00           
0002DEr 1  0A           	.byte	$0A
0002DFr 1  97           	.byte	$97
0002E0r 1  97           	.byte	$97
0002E1r 1  97           	.byte	$97
0002E2r 1  97           	.byte	$97
0002E3r 1  96           	.byte	$96
0002E4r 1  96           	.byte	$96
0002E5r 1  96           	.byte	$96
0002E6r 1  96           	.byte	$96
0002E7r 1  00 00 00 00  	.res	8,$00
0002EBr 1  00 00 00 00  
0002EFr 1  00           	.byte	$00
0002F0r 1  00           	.byte	$00
0002F1r 1  00 00 00 00  	.res	15,$00
0002F5r 1  00 00 00 00  
0002F9r 1  00 00 00 00  
000300r 1  00           	.byte	$00
000301r 1               _instr4:
000301r 1  0F           	.byte	$0F
000302r 1  00 00 00 00  	.res	15,$00
000306r 1  00 00 00 00  
00030Ar 1  00 00 00 00  
000311r 1  00           	.byte	$00
000312r 1  B5           	.byte	$B5
000313r 1  B2           	.byte	$B2
000314r 1  AF           	.byte	$AF
000315r 1  A5           	.byte	$A5
000316r 1  34           	.byte	$34
000317r 1  40           	.byte	$40
000318r 1  00 00 00 00  	.res	10,$00
00031Cr 1  00 00 00 00  
000320r 1  00 00        
000322r 1  05           	.byte	$05
000323r 1  00           	.byte	$00
000324r 1  00 00 00 00  	.res	15,$00
000328r 1  00 00 00 00  
00032Cr 1  00 00 00 00  
000333r 1  00           	.byte	$00
000334r 1               _instr5:
000334r 1  09           	.byte	$09
000335r 1  01           	.byte	$01
000336r 1  00           	.byte	$00
000337r 1  00 00 00 00  	.res	13,$00
00033Br 1  00 00 00 00  
00033Fr 1  00 00 00 00  
000344r 1  02           	.byte	$02
000345r 1  CD           	.byte	$CD
000346r 1  00 00 00 00  	.res	15,$00
00034Ar 1  00 00 00 00  
00034Er 1  00 00 00 00  
000355r 1  00           	.byte	$00
000356r 1  00           	.byte	$00
000357r 1  00 00 00 00  	.res	15,$00
00035Br 1  00 00 00 00  
00035Fr 1  00 00 00 00  
000366r 1  00           	.byte	$00
000367r 1               _instr6:
000367r 1  0F           	.byte	$0F
000368r 1  0C           	.byte	$0C
000369r 1  09           	.byte	$09
00036Ar 1  07           	.byte	$07
00036Br 1  06           	.byte	$06
00036Cr 1  05           	.byte	$05
00036Dr 1  03           	.byte	$03
00036Er 1  03           	.byte	$03
00036Fr 1  00 00 00 00  	.res	8,$00
000373r 1  00 00 00 00  
000377r 1  07           	.byte	$07
000378r 1  4C           	.byte	$4C
000379r 1  40           	.byte	$40
00037Ar 1  00 00 00 00  	.res	14,$00
00037Er 1  00 00 00 00  
000382r 1  00 00 00 00  
000388r 1  01           	.byte	$01
000389r 1  02           	.byte	$02
00038Ar 1  01           	.byte	$01
00038Br 1  00 00 00 00  	.res	14,$00
00038Fr 1  00 00 00 00  
000393r 1  00 00 00 00  
000399r 1  01           	.byte	$01
00039Ar 1               _instr7:
00039Ar 1  0D           	.byte	$0D
00039Br 1  08           	.byte	$08
00039Cr 1  04           	.byte	$04
00039Dr 1  02           	.byte	$02
00039Er 1  00           	.byte	$00
00039Fr 1  00 00 00 00  	.res	11,$00
0003A3r 1  00 00 00 00  
0003A7r 1  00 00 00     
0003AAr 1  04           	.byte	$04
0003ABr 1  40           	.byte	$40
0003ACr 1  00 00 00 00  	.res	15,$00
0003B0r 1  00 00 00 00  
0003B4r 1  00 00 00 00  
0003BBr 1  00           	.byte	$00
0003BCr 1  02           	.byte	$02
0003BDr 1  00 00 00 00  	.res	15,$00
0003C1r 1  00 00 00 00  
0003C5r 1  00 00 00 00  
0003CCr 1  00           	.byte	$00
0003CDr 1               _instr8:
0003CDr 1  07           	.byte	$07
0003CEr 1  06           	.byte	$06
0003CFr 1  04           	.byte	$04
0003D0r 1  00 00 00 00  	.res	13,$00
0003D4r 1  00 00 00 00  
0003D8r 1  00 00 00 00  
0003DDr 1  02           	.byte	$02
0003DEr 1  40           	.byte	$40
0003DFr 1  00 00 00 00  	.res	15,$00
0003E3r 1  00 00 00 00  
0003E7r 1  00 00 00 00  
0003EEr 1  00           	.byte	$00
0003EFr 1  01           	.byte	$01
0003F0r 1  00 00 00 00  	.res	15,$00
0003F4r 1  00 00 00 00  
0003F8r 1  00 00 00 00  
0003FFr 1  00           	.byte	$00
000400r 1               _instr9:
000400r 1  09           	.byte	$09
000401r 1  03           	.byte	$03
000402r 1  03           	.byte	$03
000403r 1  01           	.byte	$01
000404r 1  00 00 00 00  	.res	12,$00
000408r 1  00 00 00 00  
00040Cr 1  00 00 00 00  
000410r 1  00           	.byte	$00
000411r 1  40           	.byte	$40
000412r 1  40           	.byte	$40
000413r 1  40           	.byte	$40
000414r 1  40           	.byte	$40
000415r 1  4C           	.byte	$4C
000416r 1  4C           	.byte	$4C
000417r 1  4C           	.byte	$4C
000418r 1  4C           	.byte	$4C
000419r 1  00 00 00 00  	.res	8,$00
00041Dr 1  00 00 00 00  
000421r 1  00           	.byte	$00
000422r 1  02           	.byte	$02
000423r 1  01           	.byte	$01
000424r 1  01           	.byte	$01
000425r 1  01           	.byte	$01
000426r 1  00 00 00 00  	.res	12,$00
00042Ar 1  00 00 00 00  
00042Er 1  00 00 00 00  
000432r 1  00           	.byte	$00
000433r 1               _instr10:
000433r 1  0F           	.byte	$0F
000434r 1  0C           	.byte	$0C
000435r 1  0A           	.byte	$0A
000436r 1  04           	.byte	$04
000437r 1  02           	.byte	$02
000438r 1  00           	.byte	$00
000439r 1  00 00 00 00  	.res	10,$00
00043Dr 1  00 00 00 00  
000441r 1  00 00        
000443r 1  05           	.byte	$05
000444r 1  4C           	.byte	$4C
000445r 1  40           	.byte	$40
000446r 1  00 00 00 00  	.res	14,$00
00044Ar 1  00 00 00 00  
00044Er 1  00 00 00 00  
000454r 1  01           	.byte	$01
000455r 1  02           	.byte	$02
000456r 1  01           	.byte	$01
000457r 1  00 00 00 00  	.res	14,$00
00045Br 1  00 00 00 00  
00045Fr 1  00 00 00 00  
000465r 1  01           	.byte	$01
000466r 1               _instr11:
000466r 1  00           	.byte	$00
000467r 1  00           	.byte	$00
000468r 1  00           	.byte	$00
000469r 1  03           	.byte	$03
00046Ar 1  08           	.byte	$08
00046Br 1  07           	.byte	$07
00046Cr 1  00 00 00 00  	.res	10,$00
000470r 1  00 00 00 00  
000474r 1  00 00        
000476r 1  05           	.byte	$05
000477r 1  C3           	.byte	$C3
000478r 1  00 00 00 00  	.res	15,$00
00047Cr 1  00 00 00 00  
000480r 1  00 00 00 00  
000487r 1  00           	.byte	$00
000488r 1  01           	.byte	$01
000489r 1  00 00 00 00  	.res	15,$00
00048Dr 1  00 00 00 00  
000491r 1  00 00 00 00  
000498r 1  00           	.byte	$00
000499r 1               _note_to_period:
000499r 1  69 0C        	.word	$0C69
00049Br 1  B7 0B        	.word	$0BB7
00049Dr 1  0F 0B        	.word	$0B0F
00049Fr 1  70 0A        	.word	$0A70
0004A1r 1  DA 09        	.word	$09DA
0004A3r 1  4C 09        	.word	$094C
0004A5r 1  C7 08        	.word	$08C7
0004A7r 1  48 08        	.word	$0848
0004A9r 1  D1 07        	.word	$07D1
0004ABr 1  61 07        	.word	$0761
0004ADr 1  F7 06        	.word	$06F7
0004AFr 1  93 06        	.word	$0693
0004B1r 1  34 06        	.word	$0634
0004B3r 1  DB 05        	.word	$05DB
0004B5r 1  87 05        	.word	$0587
0004B7r 1  38 05        	.word	$0538
0004B9r 1  ED 04        	.word	$04ED
0004BBr 1  A6 04        	.word	$04A6
0004BDr 1  63 04        	.word	$0463
0004BFr 1  24 04        	.word	$0424
0004C1r 1  E8 03        	.word	$03E8
0004C3r 1  B0 03        	.word	$03B0
0004C5r 1  7B 03        	.word	$037B
0004C7r 1  49 03        	.word	$0349
0004C9r 1  1A 03        	.word	$031A
0004CBr 1  ED 02        	.word	$02ED
0004CDr 1  C3 02        	.word	$02C3
0004CFr 1  9C 02        	.word	$029C
0004D1r 1  76 02        	.word	$0276
0004D3r 1  53 02        	.word	$0253
0004D5r 1  31 02        	.word	$0231
0004D7r 1  12 02        	.word	$0212
0004D9r 1  F4 01        	.word	$01F4
0004DBr 1  D8 01        	.word	$01D8
0004DDr 1  BD 01        	.word	$01BD
0004DFr 1  A4 01        	.word	$01A4
0004E1r 1  8D 01        	.word	$018D
0004E3r 1  76 01        	.word	$0176
0004E5r 1  61 01        	.word	$0161
0004E7r 1  4E 01        	.word	$014E
0004E9r 1  3B 01        	.word	$013B
0004EBr 1  29 01        	.word	$0129
0004EDr 1  18 01        	.word	$0118
0004EFr 1  09 01        	.word	$0109
0004F1r 1  FA 00        	.word	$00FA
0004F3r 1  EC 00        	.word	$00EC
0004F5r 1  DE 00        	.word	$00DE
0004F7r 1  D2 00        	.word	$00D2
0004F9r 1  C6 00        	.word	$00C6
0004FBr 1  BB 00        	.word	$00BB
0004FDr 1  B0 00        	.word	$00B0
0004FFr 1  A7 00        	.word	$00A7
000501r 1  9D 00        	.word	$009D
000503r 1  94 00        	.word	$0094
000505r 1  8C 00        	.word	$008C
000507r 1  84 00        	.word	$0084
000509r 1  7D 00        	.word	$007D
00050Br 1  76 00        	.word	$0076
00050Dr 1  6F 00        	.word	$006F
00050Fr 1  69 00        	.word	$0069
000511r 1  63 00        	.word	$0063
000513r 1  5D 00        	.word	$005D
000515r 1  58 00        	.word	$0058
000517r 1  53 00        	.word	$0053
000519r 1  4E 00        	.word	$004E
00051Br 1  4A 00        	.word	$004A
00051Dr 1  46 00        	.word	$0046
00051Fr 1  42 00        	.word	$0042
000521r 1  3E 00        	.word	$003E
000523r 1  3B 00        	.word	$003B
000525r 1  37 00        	.word	$0037
000527r 1  34 00        	.word	$0034
000529r 1  31 00        	.word	$0031
00052Br 1  2E 00        	.word	$002E
00052Dr 1  2C 00        	.word	$002C
00052Fr 1  29 00        	.word	$0029
000531r 1  27 00        	.word	$0027
000533r 1  25 00        	.word	$0025
000535r 1  23 00        	.word	$0023
000537r 1  21 00        	.word	$0021
000539r 1  1F 00        	.word	$001F
00053Br 1  1D 00        	.word	$001D
00053Dr 1  1B 00        	.word	$001B
00053Fr 1  1A 00        	.word	$001A
000541r 1  18 00        	.word	$0018
000543r 1  17 00        	.word	$0017
000545r 1  16 00        	.word	$0016
000547r 1  14 00        	.word	$0014
000549r 1  13 00        	.word	$0013
00054Br 1  12 00        	.word	$0012
00054Dr 1  11 00        	.word	$0011
00054Fr 1  10 00        	.word	$0010
000551r 1  0F 00        	.word	$000F
000553r 1  0E 00        	.word	$000E
000555r 1  0D 00        	.word	$000D
000557r 1  0D 00        	.word	$000D
000559r 1               
000559r 1               .segment	"BSS"
000000r 1               
000000r 1               _channels:
000000r 1  00 00 00 00  	.res	48,$00
000004r 1  00 00 00 00  
000008r 1  00 00 00 00  
000030r 1               _cur_chn:
000030r 1  00           	.res	1,$00
000031r 1               _seq_ptr:
000031r 1  00 00        	.res	2,$00
000033r 1               _tempo_count:
000033r 1  00 00        	.res	2,$00
000035r 1               
000035r 1               ; ---------------------------------------------------------------
000035r 1               ; void __near__ init_music (void)
000035r 1               ; ---------------------------------------------------------------
000035r 1               
000035r 1               .segment	"CODE"
000000r 1               
000000r 1               .proc	_init_music: near
000000r 1               
000000r 1               .segment	"CODE"
000000r 1               
000000r 1  A9 00        	lda     #$00
000002r 1  8D 10 40     	sta     $4010
000005r 1  8D 0C 40     	sta     $400C
000008r 1  8D 08 40     	sta     $4008
00000Br 1  8D 04 40     	sta     $4004
00000Er 1  8D 00 40     	sta     $4000
000011r 1  A9 0F        	lda     #$0F
000013r 1  8D 05 40     	sta     $4005
000016r 1  8D 01 40     	sta     $4001
000019r 1  8D 15 40     	sta     $4015
00001Cr 1  A9 FF        	lda     #$FF
00001Er 1  8D rr rr     	sta     _channels+3
000021r 1  8D rr rr     	sta     _channels+2
000024r 1  8D rr rr     	sta     _channels+1
000027r 1  8D rr rr     	sta     _channels
00002Ar 1  8D rr rr     	sta     _channels+33
00002Dr 1  8D rr rr     	sta     _channels+32
000030r 1  60           	rts
000031r 1               
000031r 1               .endproc
000031r 1               
000031r 1               ; ---------------------------------------------------------------
000031r 1               ; void __near__ play_music (void)
000031r 1               ; ---------------------------------------------------------------
000031r 1               
000031r 1               .segment	"CODE"
000031r 1               
000031r 1               .proc	_play_music: near
000031r 1               
000031r 1               .segment	"BSS"
000035r 1               
000035r 1               L0612:
000035r 1  00 00        	.res	2,$00
000037r 1               
000037r 1               .segment	"CODE"
000031r 1               
000031r 1  AD rr rr     	lda     _tempo_count
000034r 1  8D rr rr     	sta     L0612
000037r 1  AD rr rr     	lda     _tempo_count+1
00003Ar 1  8D rr rr     	sta     L0612+1
00003Dr 1  A9 28        	lda     #$28
00003Fr 1  18           	clc
000040r 1  6D rr rr     	adc     _tempo_count
000043r 1  8D rr rr     	sta     _tempo_count
000046r 1  A9 23        	lda     #$23
000048r 1  6D rr rr     	adc     _tempo_count+1
00004Br 1  8D rr rr     	sta     _tempo_count+1
00004Er 1  AD rr rr     	lda     _tempo_count
000051r 1  CD rr rr     	cmp     L0612
000054r 1  AD rr rr     	lda     _tempo_count+1
000057r 1  ED rr rr     	sbc     L0612+1
00005Ar 1  B0 35        	bcs     L07BE
00005Cr 1  A9 00        	lda     #$00
00005Er 1  8D rr rr     	sta     _cur_chn
000061r 1  AD rr rr     L07BD:	lda     _cur_chn
000064r 1  C9 04        	cmp     #$04
000066r 1  B0 29        	bcs     L07BE
000068r 1  A2 00        	ldx     #$00
00006Ar 1  AD rr rr     	lda     _cur_chn
00006Dr 1  0A           	asl     a
00006Er 1  90 02        	bcc     L07BC
000070r 1  E8           	inx
000071r 1  18           	clc
000072r 1  69 rr        L07BC:	adc     #<(_sequences)
000074r 1  85 rr        	sta     ptr1
000076r 1  8A           	txa
000077r 1  69 rr        	adc     #>(_sequences)
000079r 1  85 rr        	sta     ptr1+1
00007Br 1  A0 01        	ldy     #$01
00007Dr 1  B1 rr        	lda     (ptr1),y
00007Fr 1  8D rr rr     	sta     _seq_ptr+1
000082r 1  88           	dey
000083r 1  B1 rr        	lda     (ptr1),y
000085r 1  8D rr rr     	sta     _seq_ptr
000088r 1  20 rr rr     	jsr     _update_channel_notes
00008Br 1  EE rr rr     	inc     _cur_chn
00008Er 1  4C rr rr     	jmp     L07BD
000091r 1  A9 00        L07BE:	lda     #$00
000093r 1  8D rr rr     	sta     _cur_chn
000096r 1  AD rr rr     L07BF:	lda     _cur_chn
000099r 1  C9 04        	cmp     #$04
00009Br 1  B0 09        	bcs     L0625
00009Dr 1  20 rr rr     	jsr     _update_channel_envelopes
0000A0r 1  EE rr rr     	inc     _cur_chn
0000A3r 1  4C rr rr     	jmp     L07BF
0000A6r 1  4C rr rr     L0625:	jmp     _write_registers
0000A9r 1               
0000A9r 1               .endproc
0000A9r 1               
0000A9r 1               ; ---------------------------------------------------------------
0000A9r 1               ; void __near__ write_registers (void)
0000A9r 1               ; ---------------------------------------------------------------
0000A9r 1               
0000A9r 1               .segment	"CODE"
0000A9r 1               
0000A9r 1               .proc	_write_registers: near
0000A9r 1               
0000A9r 1               .segment	"BSS"
000037r 1               
000037r 1               L06C5:
000037r 1  00           	.res	1,$00
000038r 1               L06C6:
000038r 1  00 00        	.res	2,$00
00003Ar 1               L06C7:
00003Ar 1  00           	.res	1,$00
00003Br 1               
00003Br 1               .segment	"CODE"
0000A9r 1               
0000A9r 1  AD rr rr     	lda     _channels+28
0000ACr 1  F0 03        	beq     L06CE
0000AEr 1  AD rr rr     	lda     _channels+36
0000B1r 1  8D rr rr     L06CE:	sta     L06C5
0000B4r 1  A2 00        	ldx     #$00
0000B6r 1  AD rr rr     	lda     _channels+44
0000B9r 1  20 rr rr     	jsr     aslax4
0000BCr 1  20 rr rr     	jsr     aslax2
0000BFr 1  09 30        	ora     #$30
0000C1r 1  85 rr        	sta     ptr1
0000C3r 1  A2 00        	ldx     #$00
0000C5r 1  AD rr rr     	lda     L06C5
0000C8r 1  05 rr        	ora     ptr1
0000CAr 1  8D 00 40     	sta     $4000
0000CDr 1  AD rr rr     	lda     _channels+40
0000D0r 1  29 80        	and     #$80
0000D2r 1  F0 08        	beq     L07CC
0000D4r 1  AD rr rr     	lda     _channels+40
0000D7r 1  29 7F        	and     #$7F
0000D9r 1  4C rr rr     	jmp     L06F6
0000DCr 1  AD rr rr     L07CC:	lda     _channels+28
0000DFr 1  18           	clc
0000E0r 1  6D rr rr     	adc     _channels+40
0000E3r 1  38           	sec
0000E4r 1  E9 40        	sbc     #$40
0000E6r 1  8D rr rr     L06F6:	sta     L06C7
0000E9r 1  0A           	asl     a
0000EAr 1  90 02        	bcc     L07C9
0000ECr 1  E8           	inx
0000EDr 1  18           	clc
0000EEr 1  69 rr        L07C9:	adc     #<(_note_to_period)
0000F0r 1  85 rr        	sta     ptr1
0000F2r 1  8A           	txa
0000F3r 1  69 rr        	adc     #>(_note_to_period)
0000F5r 1  85 rr        	sta     ptr1+1
0000F7r 1  A0 01        	ldy     #$01
0000F9r 1  B1 rr        	lda     (ptr1),y
0000FBr 1  8D rr rr     	sta     L06C6+1
0000FEr 1  88           	dey
0000FFr 1  B1 rr        	lda     (ptr1),y
000101r 1  8D rr rr     	sta     L06C6
000104r 1  8D 02 40     	sta     $4002
000107r 1  AD rr rr     	lda     _channels+32
00010Ar 1  CD rr rr     	cmp     L06C6+1
00010Dr 1  F0 09        	beq     L0700
00010Fr 1  AD rr rr     	lda     L06C6+1
000112r 1  8D rr rr     	sta     _channels+32
000115r 1  8D 03 40     	sta     $4003
000118r 1  AD rr rr     L0700:	lda     _channels+29
00011Br 1  F0 03        	beq     L0716
00011Dr 1  AD rr rr     	lda     _channels+37
000120r 1  8D rr rr     L0716:	sta     L06C5
000123r 1  A2 00        	ldx     #$00
000125r 1  AD rr rr     	lda     _channels+45
000128r 1  20 rr rr     	jsr     aslax4
00012Br 1  20 rr rr     	jsr     aslax2
00012Er 1  09 30        	ora     #$30
000130r 1  85 rr        	sta     ptr1
000132r 1  A2 00        	ldx     #$00
000134r 1  AD rr rr     	lda     L06C5
000137r 1  05 rr        	ora     ptr1
000139r 1  8D 04 40     	sta     $4004
00013Cr 1  AD rr rr     	lda     _channels+41
00013Fr 1  29 80        	and     #$80
000141r 1  F0 08        	beq     L07CE
000143r 1  AD rr rr     	lda     _channels+41
000146r 1  29 7F        	and     #$7F
000148r 1  4C rr rr     	jmp     L073E
00014Br 1  AD rr rr     L07CE:	lda     _channels+29
00014Er 1  18           	clc
00014Fr 1  6D rr rr     	adc     _channels+41
000152r 1  38           	sec
000153r 1  E9 40        	sbc     #$40
000155r 1  8D rr rr     L073E:	sta     L06C7
000158r 1  0A           	asl     a
000159r 1  90 02        	bcc     L07CA
00015Br 1  E8           	inx
00015Cr 1  18           	clc
00015Dr 1  69 rr        L07CA:	adc     #<(_note_to_period)
00015Fr 1  85 rr        	sta     ptr1
000161r 1  8A           	txa
000162r 1  69 rr        	adc     #>(_note_to_period)
000164r 1  85 rr        	sta     ptr1+1
000166r 1  C8           	iny
000167r 1  B1 rr        	lda     (ptr1),y
000169r 1  8D rr rr     	sta     L06C6+1
00016Cr 1  88           	dey
00016Dr 1  B1 rr        	lda     (ptr1),y
00016Fr 1  8D rr rr     	sta     L06C6
000172r 1  8D 06 40     	sta     $4006
000175r 1  AD rr rr     	lda     _channels+33
000178r 1  CD rr rr     	cmp     L06C6+1
00017Br 1  F0 09        	beq     L0748
00017Dr 1  AD rr rr     	lda     L06C6+1
000180r 1  8D rr rr     	sta     _channels+33
000183r 1  8D 07 40     	sta     $4007
000186r 1  AD rr rr     L0748:	lda     _channels+30
000189r 1  F0 03        	beq     L075E
00018Br 1  AD rr rr     	lda     _channels+38
00018Er 1  8D rr rr     L075E:	sta     L06C5
000191r 1  AD rr rr     	lda     L06C5
000194r 1  F0 02        	beq     L0765
000196r 1  A9 FF        	lda     #$FF
000198r 1  8D 08 40     L0765:	sta     $4008
00019Br 1  AD rr rr     	lda     _channels+42
00019Er 1  29 80        	and     #$80
0001A0r 1  F0 08        	beq     L07D1
0001A2r 1  AD rr rr     	lda     _channels+42
0001A5r 1  29 7F        	and     #$7F
0001A7r 1  4C rr rr     	jmp     L0772
0001AAr 1  AD rr rr     L07D1:	lda     _channels+30
0001ADr 1  18           	clc
0001AEr 1  6D rr rr     	adc     _channels+42
0001B1r 1  38           	sec
0001B2r 1  E9 40        	sbc     #$40
0001B4r 1  8D rr rr     L0772:	sta     L06C7
0001B7r 1  A2 00        	ldx     #$00
0001B9r 1  AD rr rr     	lda     L06C7
0001BCr 1  0A           	asl     a
0001BDr 1  90 02        	bcc     L07CB
0001BFr 1  E8           	inx
0001C0r 1  18           	clc
0001C1r 1  69 rr        L07CB:	adc     #<(_note_to_period)
0001C3r 1  85 rr        	sta     ptr1
0001C5r 1  8A           	txa
0001C6r 1  69 rr        	adc     #>(_note_to_period)
0001C8r 1  85 rr        	sta     ptr1+1
0001CAr 1  C8           	iny
0001CBr 1  B1 rr        	lda     (ptr1),y
0001CDr 1  8D rr rr     	sta     L06C6+1
0001D0r 1  88           	dey
0001D1r 1  B1 rr        	lda     (ptr1),y
0001D3r 1  8D rr rr     	sta     L06C6
0001D6r 1  8D 0A 40     	sta     $400A
0001D9r 1  AE rr rr     	ldx     L06C6+1
0001DCr 1  8E 0B 40     	stx     $400B
0001DFr 1  AD rr rr     	lda     _channels+31
0001E2r 1  F0 03        	beq     L0789
0001E4r 1  AD rr rr     	lda     _channels+39
0001E7r 1  8D rr rr     L0789:	sta     L06C5
0001EAr 1  A2 00        	ldx     #$00
0001ECr 1  AD rr rr     	lda     L06C5
0001EFr 1  09 30        	ora     #$30
0001F1r 1  8D 0C 40     	sta     $400C
0001F4r 1  AD rr rr     	lda     _channels+43
0001F7r 1  29 80        	and     #$80
0001F9r 1  F0 08        	beq     L07D3
0001FBr 1  AD rr rr     	lda     _channels+43
0001FEr 1  29 7F        	and     #$7F
000200r 1  4C rr rr     	jmp     L07B0
000203r 1  AD rr rr     L07D3:	lda     _channels+31
000206r 1  18           	clc
000207r 1  6D rr rr     	adc     _channels+43
00020Ar 1  38           	sec
00020Br 1  E9 40        	sbc     #$40
00020Dr 1  8D rr rr     L07B0:	sta     L06C7
000210r 1  AD rr rr     	lda     _channels+47
000213r 1  20 rr rr     	jsr     aslax4
000216r 1  20 rr rr     	jsr     aslax3
000219r 1  20 rr rr     	jsr     pushax
00021Cr 1  A9 0F        	lda     #$0F
00021Er 1  20 rr rr     	jsr     pusha0
000221r 1  AD rr rr     	lda     L06C7
000224r 1  29 0F        	and     #$0F
000226r 1  20 rr rr     	jsr     tossuba0
000229r 1  20 rr rr     	jsr     tosorax
00022Cr 1  8D 0E 40     	sta     $400E
00022Fr 1  A9 00        	lda     #$00
000231r 1  8D 0F 40     	sta     $400F
000234r 1  60           	rts
000235r 1               
000235r 1               .endproc
000235r 1               
000235r 1               ; ---------------------------------------------------------------
000235r 1               ; void __near__ update_channel_envelopes (void)
000235r 1               ; ---------------------------------------------------------------
000235r 1               
000235r 1               .segment	"CODE"
000235r 1               
000235r 1               .proc	_update_channel_envelopes: near
000235r 1               
000235r 1               .segment	"BSS"
00003Br 1               
00003Br 1               L062F:
00003Br 1  00 00        	.res	2,$00
00003Dr 1               
00003Dr 1               .segment	"CODE"
000235r 1               
000235r 1  AC rr rr     	ldy     _cur_chn
000238r 1  B9 rr rr     	lda     _channels,y
00023Br 1  C9 FF        	cmp     #$FF
00023Dr 1  D0 01        	bne     L07D9
00023Fr 1  60           	rts
000240r 1  AC rr rr     L07D9:	ldy     _cur_chn
000243r 1  A2 00        	ldx     #$00
000245r 1  B9 rr rr     	lda     _channels,y
000248r 1  0A           	asl     a
000249r 1  90 02        	bcc     L07D8
00024Br 1  E8           	inx
00024Cr 1  18           	clc
00024Dr 1  69 rr        L07D8:	adc     #<(_instr_ptrs)
00024Fr 1  85 rr        	sta     ptr1
000251r 1  8A           	txa
000252r 1  69 rr        	adc     #>(_instr_ptrs)
000254r 1  85 rr        	sta     ptr1+1
000256r 1  A0 01        	ldy     #$01
000258r 1  B1 rr        	lda     (ptr1),y
00025Ar 1  8D rr rr     	sta     L062F+1
00025Dr 1  88           	dey
00025Er 1  B1 rr        	lda     (ptr1),y
000260r 1  8D rr rr     	sta     L062F
000263r 1  A9 rr        	lda     #<(_channels+36)
000265r 1  A2 rr        	ldx     #>(_channels+36)
000267r 1  18           	clc
000268r 1  6D rr rr     	adc     _cur_chn
00026Br 1  90 01        	bcc     L063C
00026Dr 1  E8           	inx
00026Er 1  20 rr rr     L063C:	jsr     pushax
000271r 1  AD rr rr     	lda     L062F
000274r 1  AE rr rr     	ldx     L062F+1
000277r 1  20 rr rr     	jsr     pushax
00027Ar 1  A9 rr        	lda     #<(_channels+16)
00027Cr 1  A2 rr        	ldx     #>(_channels+16)
00027Er 1  18           	clc
00027Fr 1  6D rr rr     	adc     _cur_chn
000282r 1  90 01        	bcc     L0642
000284r 1  E8           	inx
000285r 1  85 rr        L0642:	sta     sreg
000287r 1  86 rr        	stx     sreg+1
000289r 1  85 rr        	sta     ptr1
00028Br 1  86 rr        	stx     ptr1+1
00028Dr 1  A0 00        	ldy     #$00
00028Fr 1  B1 rr        	lda     (ptr1),y
000291r 1  48           	pha
000292r 1  18           	clc
000293r 1  69 01        	adc     #$01
000295r 1  91 rr        	sta     (sreg),y
000297r 1  68           	pla
000298r 1  20 rr rr     	jsr     tosadda0
00029Br 1  85 rr        	sta     ptr1
00029Dr 1  86 rr        	stx     ptr1+1
00029Fr 1  A0 00        	ldy     #$00
0002A1r 1  B1 rr        	lda     (ptr1),y
0002A3r 1  20 rr rr     	jsr     staspidx
0002A6r 1  AC rr rr     	ldy     _cur_chn
0002A9r 1  B9 rr rr     	lda     _channels+16,y
0002ACr 1  18           	clc
0002ADr 1  6D rr rr     	adc     L062F
0002B0r 1  AE rr rr     	ldx     L062F+1
0002B3r 1  90 01        	bcc     L07D5
0002B5r 1  E8           	inx
0002B6r 1  85 rr        L07D5:	sta     ptr1
0002B8r 1  86 rr        	stx     ptr1+1
0002BAr 1  A0 00        	ldy     #$00
0002BCr 1  B1 rr        	lda     (ptr1),y
0002BEr 1  D0 21        	bne     L0643
0002C0r 1  A9 rr        	lda     #<(_channels+16)
0002C2r 1  A2 rr        	ldx     #>(_channels+16)
0002C4r 1  18           	clc
0002C5r 1  6D rr rr     	adc     _cur_chn
0002C8r 1  90 01        	bcc     L064D
0002CAr 1  E8           	inx
0002CBr 1  20 rr rr     L064D:	jsr     pushax
0002CEr 1  AD rr rr     	lda     L062F
0002D1r 1  85 rr        	sta     ptr1
0002D3r 1  AD rr rr     	lda     L062F+1
0002D6r 1  85 rr        	sta     ptr1+1
0002D8r 1  A0 10        	ldy     #$10
0002DAr 1  B1 rr        	lda     (ptr1),y
0002DCr 1  A0 00        	ldy     #$00
0002DEr 1  20 rr rr     	jsr     staspidx
0002E1r 1  A9 rr        L0643:	lda     #<(_channels+40)
0002E3r 1  A2 rr        	ldx     #>(_channels+40)
0002E5r 1  18           	clc
0002E6r 1  6D rr rr     	adc     _cur_chn
0002E9r 1  90 01        	bcc     L0653
0002EBr 1  E8           	inx
0002ECr 1  20 rr rr     L0653:	jsr     pushax
0002EFr 1  AD rr rr     	lda     L062F
0002F2r 1  AE rr rr     	ldx     L062F+1
0002F5r 1  18           	clc
0002F6r 1  69 11        	adc     #$11
0002F8r 1  90 01        	bcc     L0656
0002FAr 1  E8           	inx
0002FBr 1  20 rr rr     L0656:	jsr     pushax
0002FEr 1  A9 rr        	lda     #<(_channels+20)
000300r 1  A2 rr        	ldx     #>(_channels+20)
000302r 1  18           	clc
000303r 1  6D rr rr     	adc     _cur_chn
000306r 1  90 01        	bcc     L065A
000308r 1  E8           	inx
000309r 1  85 rr        L065A:	sta     sreg
00030Br 1  86 rr        	stx     sreg+1
00030Dr 1  85 rr        	sta     ptr1
00030Fr 1  86 rr        	stx     ptr1+1
000311r 1  A0 00        	ldy     #$00
000313r 1  B1 rr        	lda     (ptr1),y
000315r 1  48           	pha
000316r 1  18           	clc
000317r 1  69 01        	adc     #$01
000319r 1  91 rr        	sta     (sreg),y
00031Br 1  68           	pla
00031Cr 1  20 rr rr     	jsr     tosadda0
00031Fr 1  85 rr        	sta     ptr1
000321r 1  86 rr        	stx     ptr1+1
000323r 1  A0 00        	ldy     #$00
000325r 1  B1 rr        	lda     (ptr1),y
000327r 1  20 rr rr     	jsr     staspidx
00032Ar 1  AD rr rr     	lda     L062F
00032Dr 1  AE rr rr     	ldx     L062F+1
000330r 1  18           	clc
000331r 1  69 11        	adc     #$11
000333r 1  90 01        	bcc     L065E
000335r 1  E8           	inx
000336r 1  85 rr        L065E:	sta     ptr1
000338r 1  86 rr        	stx     ptr1+1
00033Ar 1  AC rr rr     	ldy     _cur_chn
00033Dr 1  B9 rr rr     	lda     _channels+20,y
000340r 1  18           	clc
000341r 1  65 rr        	adc     ptr1
000343r 1  A6 rr        	ldx     ptr1+1
000345r 1  90 01        	bcc     L07D6
000347r 1  E8           	inx
000348r 1  85 rr        L07D6:	sta     ptr1
00034Ar 1  86 rr        	stx     ptr1+1
00034Cr 1  A0 00        	ldy     #$00
00034Er 1  B1 rr        	lda     (ptr1),y
000350r 1  D0 21        	bne     L065B
000352r 1  A9 rr        	lda     #<(_channels+20)
000354r 1  A2 rr        	ldx     #>(_channels+20)
000356r 1  18           	clc
000357r 1  6D rr rr     	adc     _cur_chn
00035Ar 1  90 01        	bcc     L0666
00035Cr 1  E8           	inx
00035Dr 1  20 rr rr     L0666:	jsr     pushax
000360r 1  AD rr rr     	lda     L062F
000363r 1  85 rr        	sta     ptr1
000365r 1  AD rr rr     	lda     L062F+1
000368r 1  85 rr        	sta     ptr1+1
00036Ar 1  A0 21        	ldy     #$21
00036Cr 1  B1 rr        	lda     (ptr1),y
00036Er 1  A0 00        	ldy     #$00
000370r 1  20 rr rr     	jsr     staspidx
000373r 1  A9 rr        L065B:	lda     #<(_channels+44)
000375r 1  A2 rr        	ldx     #>(_channels+44)
000377r 1  18           	clc
000378r 1  6D rr rr     	adc     _cur_chn
00037Br 1  90 01        	bcc     L066C
00037Dr 1  E8           	inx
00037Er 1  20 rr rr     L066C:	jsr     pushax
000381r 1  AD rr rr     	lda     L062F
000384r 1  AE rr rr     	ldx     L062F+1
000387r 1  18           	clc
000388r 1  69 22        	adc     #$22
00038Ar 1  90 01        	bcc     L066F
00038Cr 1  E8           	inx
00038Dr 1  20 rr rr     L066F:	jsr     pushax
000390r 1  A9 rr        	lda     #<(_channels+24)
000392r 1  A2 rr        	ldx     #>(_channels+24)
000394r 1  18           	clc
000395r 1  6D rr rr     	adc     _cur_chn
000398r 1  90 01        	bcc     L0673
00039Ar 1  E8           	inx
00039Br 1  85 rr        L0673:	sta     sreg
00039Dr 1  86 rr        	stx     sreg+1
00039Fr 1  85 rr        	sta     ptr1
0003A1r 1  86 rr        	stx     ptr1+1
0003A3r 1  A0 00        	ldy     #$00
0003A5r 1  B1 rr        	lda     (ptr1),y
0003A7r 1  48           	pha
0003A8r 1  18           	clc
0003A9r 1  69 01        	adc     #$01
0003ABr 1  91 rr        	sta     (sreg),y
0003ADr 1  68           	pla
0003AEr 1  20 rr rr     	jsr     tosadda0
0003B1r 1  85 rr        	sta     ptr1
0003B3r 1  86 rr        	stx     ptr1+1
0003B5r 1  A0 00        	ldy     #$00
0003B7r 1  B1 rr        	lda     (ptr1),y
0003B9r 1  20 rr rr     	jsr     staspidx
0003BCr 1  AD rr rr     	lda     L062F
0003BFr 1  AE rr rr     	ldx     L062F+1
0003C2r 1  18           	clc
0003C3r 1  69 22        	adc     #$22
0003C5r 1  90 01        	bcc     L0677
0003C7r 1  E8           	inx
0003C8r 1  85 rr        L0677:	sta     ptr1
0003CAr 1  86 rr        	stx     ptr1+1
0003CCr 1  AC rr rr     	ldy     _cur_chn
0003CFr 1  B9 rr rr     	lda     _channels+24,y
0003D2r 1  18           	clc
0003D3r 1  65 rr        	adc     ptr1
0003D5r 1  A6 rr        	ldx     ptr1+1
0003D7r 1  90 01        	bcc     L07D7
0003D9r 1  E8           	inx
0003DAr 1  85 rr        L07D7:	sta     ptr1
0003DCr 1  86 rr        	stx     ptr1+1
0003DEr 1  A0 00        	ldy     #$00
0003E0r 1  B1 rr        	lda     (ptr1),y
0003E2r 1  D0 21        	bne     L0674
0003E4r 1  A9 rr        	lda     #<(_channels+24)
0003E6r 1  A2 rr        	ldx     #>(_channels+24)
0003E8r 1  18           	clc
0003E9r 1  6D rr rr     	adc     _cur_chn
0003ECr 1  90 01        	bcc     L067F
0003EEr 1  E8           	inx
0003EFr 1  20 rr rr     L067F:	jsr     pushax
0003F2r 1  AD rr rr     	lda     L062F
0003F5r 1  85 rr        	sta     ptr1
0003F7r 1  AD rr rr     	lda     L062F+1
0003FAr 1  85 rr        	sta     ptr1+1
0003FCr 1  A0 32        	ldy     #$32
0003FEr 1  B1 rr        	lda     (ptr1),y
000400r 1  A0 00        	ldy     #$00
000402r 1  4C rr rr     	jmp     staspidx
000405r 1  60           L0674:	rts
000406r 1               
000406r 1               .endproc
000406r 1               
000406r 1               ; ---------------------------------------------------------------
000406r 1               ; void __near__ execute_command (void)
000406r 1               ; ---------------------------------------------------------------
000406r 1               
000406r 1               .segment	"CODE"
000406r 1               
000406r 1               .proc	_execute_command: near
000406r 1               
000406r 1               .segment	"BSS"
00003Dr 1               
00003Dr 1               L0683:
00003Dr 1  00           	.res	1,$00
00003Er 1               
00003Er 1               .segment	"CODE"
000406r 1               
000406r 1  AD rr rr     	lda     _seq_ptr
000409r 1  AE rr rr     	ldx     _seq_ptr+1
00040Cr 1  20 rr rr     	jsr     pushax
00040Fr 1  A2 00        	ldx     #$00
000411r 1  AD rr rr     	lda     _cur_chn
000414r 1  0A           	asl     a
000415r 1  90 02        	bcc     L07DC
000417r 1  E8           	inx
000418r 1  18           	clc
000419r 1  69 rr        L07DC:	adc     #<(_channels+4)
00041Br 1  A8           	tay
00041Cr 1  8A           	txa
00041Dr 1  69 rr        	adc     #>(_channels+4)
00041Fr 1  AA           	tax
000420r 1  98           	tya
000421r 1  85 rr        	sta     sreg
000423r 1  86 rr        	stx     sreg+1
000425r 1  85 rr        	sta     ptr1
000427r 1  86 rr        	stx     ptr1+1
000429r 1  A0 01        	ldy     #$01
00042Br 1  B1 rr        	lda     (ptr1),y
00042Dr 1  AA           	tax
00042Er 1  88           	dey
00042Fr 1  B1 rr        	lda     (ptr1),y
000431r 1  85 rr        	sta     regsave
000433r 1  86 rr        	stx     regsave+1
000435r 1  18           	clc
000436r 1  69 01        	adc     #$01
000438r 1  90 01        	bcc     L07DE
00043Ar 1  E8           	inx
00043Br 1  91 rr        L07DE:	sta     (sreg),y
00043Dr 1  C8           	iny
00043Er 1  8A           	txa
00043Fr 1  91 rr        	sta     (sreg),y
000441r 1  A5 rr        	lda     regsave
000443r 1  A6 rr        	ldx     regsave+1
000445r 1  20 rr rr     	jsr     tosaddax
000448r 1  85 rr        	sta     ptr1
00044Ar 1  86 rr        	stx     ptr1+1
00044Cr 1  A0 00        	ldy     #$00
00044Er 1  B1 rr        	lda     (ptr1),y
000450r 1  8D rr rr     	sta     L0683
000453r 1  C9 80        	cmp     #$80
000455r 1  B0 35        	bcs     L07DF
000457r 1  AC rr rr     	ldy     _cur_chn
00045Ar 1  AD rr rr     	lda     L0683
00045Dr 1  99 rr rr     	sta     _channels+28,y
000460r 1  A9 rr        	lda     #<(_channels+16)
000462r 1  A2 rr        	ldx     #>(_channels+16)
000464r 1  18           	clc
000465r 1  6D rr rr     	adc     _cur_chn
000468r 1  90 01        	bcc     L0691
00046Ar 1  E8           	inx
00046Br 1  20 rr rr     L0691:	jsr     pushax
00046Er 1  A9 rr        	lda     #<(_channels+20)
000470r 1  A2 rr        	ldx     #>(_channels+20)
000472r 1  18           	clc
000473r 1  6D rr rr     	adc     _cur_chn
000476r 1  90 01        	bcc     L0694
000478r 1  E8           	inx
000479r 1  20 rr rr     L0694:	jsr     pushax
00047Cr 1  AC rr rr     	ldy     _cur_chn
00047Fr 1  A9 00        	lda     #$00
000481r 1  99 rr rr     	sta     _channels+24,y
000484r 1  A8           	tay
000485r 1  20 rr rr     	jsr     staspidx
000488r 1  A8           	tay
000489r 1  4C rr rr     	jmp     staspidx
00048Cr 1  AD rr rr     L07DF:	lda     L0683
00048Fr 1  C9 81        	cmp     #$81
000491r 1  90 1F        	bcc     L07E3
000493r 1  AD rr rr     	lda     L0683
000496r 1  C9 90        	cmp     #$90
000498r 1  B0 18        	bcs     L07E3
00049Ar 1  A9 rr        	lda     #<(_channels)
00049Cr 1  A2 rr        	ldx     #>(_channels)
00049Er 1  18           	clc
00049Fr 1  6D rr rr     	adc     _cur_chn
0004A2r 1  90 01        	bcc     L06A0
0004A4r 1  E8           	inx
0004A5r 1  85 rr        L06A0:	sta     ptr1
0004A7r 1  86 rr        	stx     ptr1+1
0004A9r 1  AD rr rr     	lda     L0683
0004ACr 1  38           	sec
0004ADr 1  E9 81        	sbc     #$81
0004AFr 1  91 rr        	sta     (ptr1),y
0004B1r 1  60           	rts
0004B2r 1  AD rr rr     L07E3:	lda     L0683
0004B5r 1  C9 FF        	cmp     #$FF
0004B7r 1  D0 19        	bne     L06A4
0004B9r 1  A2 00        	ldx     #$00
0004BBr 1  AD rr rr     	lda     _cur_chn
0004BEr 1  0A           	asl     a
0004BFr 1  90 02        	bcc     L07DD
0004C1r 1  E8           	inx
0004C2r 1  18           	clc
0004C3r 1  69 rr        L07DD:	adc     #<(_channels+4)
0004C5r 1  85 rr        	sta     ptr1
0004C7r 1  8A           	txa
0004C8r 1  69 rr        	adc     #>(_channels+4)
0004CAr 1  85 rr        	sta     ptr1+1
0004CCr 1  98           	tya
0004CDr 1  91 rr        	sta     (ptr1),y
0004CFr 1  C8           	iny
0004D0r 1  91 rr        	sta     (ptr1),y
0004D2r 1  60           L06A4:	rts
0004D3r 1               
0004D3r 1               .endproc
0004D3r 1               
0004D3r 1               ; ---------------------------------------------------------------
0004D3r 1               ; void __near__ update_channel_notes (void)
0004D3r 1               ; ---------------------------------------------------------------
0004D3r 1               
0004D3r 1               .segment	"CODE"
0004D3r 1               
0004D3r 1               .proc	_update_channel_notes: near
0004D3r 1               
0004D3r 1               .segment	"BSS"
00003Er 1               
00003Er 1               L06AA:
00003Er 1  00           	.res	1,$00
00003Fr 1               
00003Fr 1               .segment	"CODE"
0004D3r 1               
0004D3r 1  AC rr rr     	ldy     _cur_chn
0004D6r 1  B9 rr rr     	lda     _channels+12,y
0004D9r 1  F0 1E        	beq     L06B7
0004DBr 1  A9 rr        	lda     #<(_channels+12)
0004DDr 1  A2 rr        	ldx     #>(_channels+12)
0004DFr 1  18           	clc
0004E0r 1  6D rr rr     	adc     _cur_chn
0004E3r 1  90 01        	bcc     L06B2
0004E5r 1  E8           	inx
0004E6r 1  85 rr        L06B2:	sta     ptr1
0004E8r 1  86 rr        	stx     ptr1+1
0004EAr 1  A0 00        	ldy     #$00
0004ECr 1  B1 rr        	lda     (ptr1),y
0004EEr 1  38           	sec
0004EFr 1  E9 01        	sbc     #$01
0004F1r 1  91 rr        	sta     (ptr1),y
0004F3r 1  AA           	tax
0004F4r 1  D0 5F        	bne     L06B5
0004F6r 1  20 rr rr     L07E7:	jsr     _execute_command
0004F9r 1  AD rr rr     L06B7:	lda     _seq_ptr
0004FCr 1  AE rr rr     	ldx     _seq_ptr+1
0004FFr 1  20 rr rr     	jsr     pushax
000502r 1  A2 00        	ldx     #$00
000504r 1  AD rr rr     	lda     _cur_chn
000507r 1  0A           	asl     a
000508r 1  90 02        	bcc     L07E5
00050Ar 1  E8           	inx
00050Br 1  18           	clc
00050Cr 1  69 rr        L07E5:	adc     #<(_channels+4)
00050Er 1  A8           	tay
00050Fr 1  8A           	txa
000510r 1  69 rr        	adc     #>(_channels+4)
000512r 1  AA           	tax
000513r 1  98           	tya
000514r 1  85 rr        	sta     sreg
000516r 1  86 rr        	stx     sreg+1
000518r 1  85 rr        	sta     ptr1
00051Ar 1  86 rr        	stx     ptr1+1
00051Cr 1  A0 01        	ldy     #$01
00051Er 1  B1 rr        	lda     (ptr1),y
000520r 1  AA           	tax
000521r 1  88           	dey
000522r 1  B1 rr        	lda     (ptr1),y
000524r 1  85 rr        	sta     regsave
000526r 1  86 rr        	stx     regsave+1
000528r 1  18           	clc
000529r 1  69 01        	adc     #$01
00052Br 1  90 01        	bcc     L07E6
00052Dr 1  E8           	inx
00052Er 1  91 rr        L07E6:	sta     (sreg),y
000530r 1  C8           	iny
000531r 1  8A           	txa
000532r 1  91 rr        	sta     (sreg),y
000534r 1  A5 rr        	lda     regsave
000536r 1  A6 rr        	ldx     regsave+1
000538r 1  20 rr rr     	jsr     tosaddax
00053Br 1  85 rr        	sta     ptr1
00053Dr 1  86 rr        	stx     ptr1+1
00053Fr 1  A0 00        	ldy     #$00
000541r 1  B1 rr        	lda     (ptr1),y
000543r 1  8D rr rr     	sta     L06AA
000546r 1  AD rr rr     	lda     L06AA
000549r 1  F0 AB        	beq     L07E7
00054Br 1  AC rr rr     	ldy     _cur_chn
00054Er 1  AD rr rr     	lda     L06AA
000551r 1  99 rr rr     	sta     _channels+12,y
000554r 1  60           	rts
000555r 1  60           L06B5:	rts
000556r 1               
000556r 1               .endproc
000556r 1               
000556r 1               
